<?xml version="1.0" encoding="UTF-8"?>
<!-- Generated by org.testng.reporters.JUnitReportReporter -->
<testsuite hostname="Nadim-Mahmud" failures="1" tests="7" name="api.Rest_Assured.Header_Cookies" time="6.010" errors="0" timestamp="17 Mar 2022 15:01:31 GMT" skipped="0">
  <testcase classname="api.Rest_Assured.Header_Cookies" name="validate_response_header" time="0.620">
    <failure message="1 expectation failed.
Expected header &quot;etag&quot; was not &quot;cd88b7bed603f30adc006fd86f059fcf&quot;, was &quot;b53a4ed60e6b6ef47a3d93184446abd2&quot;. Headers are:
date=Thu, 17 Mar 2022 15:01:31 GMT
content-type=application/json; Charset=UTF-8
transfer-encoding=chunked
x-apilayer-transaction-id=5be5908c-be0d-4c84-80e8-8d62dae5d9b2
access-control-allow-methods=GET, HEAD, POST, PUT, PATCH, DELETE, OPTIONS
last-modified=Thu, 17 Mar 2022 14:18:03 GMT
etag=b53a4ed60e6b6ef47a3d93184446abd2
access-control-allow-origin=*
x-request-time=0.010
" type="java.lang.AssertionError">
      <![CDATA[java.lang.AssertionError: 1 expectation failed.
Expected header "etag" was not "cd88b7bed603f30adc006fd86f059fcf", was "b53a4ed60e6b6ef47a3d93184446abd2". Headers are:
date=Thu, 17 Mar 2022 15:01:31 GMT
content-type=application/json; Charset=UTF-8
transfer-encoding=chunked
x-apilayer-transaction-id=5be5908c-be0d-4c84-80e8-8d62dae5d9b2
access-control-allow-methods=GET, HEAD, POST, PUT, PATCH, DELETE, OPTIONS
last-modified=Thu, 17 Mar 2022 14:18:03 GMT
etag=b53a4ed60e6b6ef47a3d93184446abd2
access-control-allow-origin=*
x-request-time=0.010

at java.base/jdk.internal.reflect.NativeConstructorAccessorImpl.newInstance0(Native Method)
at java.base/jdk.internal.reflect.NativeConstructorAccessorImpl.newInstance(NativeConstructorAccessorImpl.java:64)
at java.base/jdk.internal.reflect.DelegatingConstructorAccessorImpl.newInstance(DelegatingConstructorAccessorImpl.java:45)
at java.base/java.lang.reflect.Constructor.newInstanceWithCaller(Constructor.java:500)
at java.base/java.lang.reflect.Constructor.newInstance(Constructor.java:481)
at org.codehaus.groovy.reflection.CachedConstructor.invoke(CachedConstructor.java:72)
at org.codehaus.groovy.reflection.CachedConstructor.doConstructorInvoke(CachedConstructor.java:59)
at org.codehaus.groovy.runtime.callsite.ConstructorSite$ConstructorSiteNoUnwrap.callConstructor(ConstructorSite.java:84)
at org.codehaus.groovy.runtime.callsite.CallSiteArray.defaultCallConstructor(CallSiteArray.java:59)
at org.codehaus.groovy.runtime.callsite.AbstractCallSite.callConstructor(AbstractCallSite.java:263)
at org.codehaus.groovy.runtime.callsite.AbstractCallSite.callConstructor(AbstractCallSite.java:277)
at io.restassured.internal.ResponseSpecificationImpl$HamcrestAssertionClosure.validate(ResponseSpecificationImpl.groovy:493)
at io.restassured.internal.ResponseSpecificationImpl$HamcrestAssertionClosure$validate$1.call(Unknown Source)
at io.restassured.internal.ResponseSpecificationImpl.validateResponseIfRequired(ResponseSpecificationImpl.groovy:674)
at java.base/jdk.internal.reflect.NativeMethodAccessorImpl.invoke0(Native Method)
at java.base/jdk.internal.reflect.NativeMethodAccessorImpl.invoke(NativeMethodAccessorImpl.java:64)
at java.base/jdk.internal.reflect.DelegatingMethodAccessorImpl.invoke(DelegatingMethodAccessorImpl.java:43)
at java.base/java.lang.reflect.Method.invoke(Method.java:564)
at org.codehaus.groovy.runtime.callsite.PlainObjectMetaMethodSite.doInvoke(PlainObjectMetaMethodSite.java:43)
at org.codehaus.groovy.runtime.callsite.PogoMetaMethodSite$PogoCachedMethodSiteNoUnwrapNoCoerce.invoke(PogoMetaMethodSite.java:193)
at org.codehaus.groovy.runtime.callsite.PogoMetaMethodSite.callCurrent(PogoMetaMethodSite.java:61)
at org.codehaus.groovy.runtime.callsite.AbstractCallSite.callCurrent(AbstractCallSite.java:185)
at io.restassured.internal.ResponseSpecificationImpl.header(ResponseSpecificationImpl.groovy:182)
at io.restassured.specification.ResponseSpecification$header$1.callCurrent(Unknown Source)
at io.restassured.internal.ResponseSpecificationImpl.header(ResponseSpecificationImpl.groovy:189)
at io.restassured.internal.ValidatableResponseOptionsImpl.header(ValidatableResponseOptionsImpl.java:124)
at io.restassured.internal.ValidatableResponseImpl.super$2$header(ValidatableResponseImpl.groovy)
at java.base/jdk.internal.reflect.NativeMethodAccessorImpl.invoke0(Native Method)
at java.base/jdk.internal.reflect.NativeMethodAccessorImpl.invoke(NativeMethodAccessorImpl.java:64)
at java.base/jdk.internal.reflect.DelegatingMethodAccessorImpl.invoke(DelegatingMethodAccessorImpl.java:43)
at java.base/java.lang.reflect.Method.invoke(Method.java:564)
at org.codehaus.groovy.reflection.CachedMethod.invoke(CachedMethod.java:107)
at groovy.lang.MetaMethod.doMethodInvoke(MetaMethod.java:323)
at groovy.lang.MetaClassImpl.invokeMethod(MetaClassImpl.java:1268)
at org.codehaus.groovy.runtime.ScriptBytecodeAdapter.invokeMethodOnSuperN(ScriptBytecodeAdapter.java:144)
at io.restassured.internal.ValidatableResponseImpl.header(ValidatableResponseImpl.groovy:184)
at io.restassured.internal.ValidatableResponseImpl.header(ValidatableResponseImpl.groovy)
at api.Rest_Assured.Header_Cookies.validate_response_header(Header_Cookies.java:109)
at java.base/jdk.internal.reflect.NativeMethodAccessorImpl.invoke0(Native Method)
at java.base/jdk.internal.reflect.NativeMethodAccessorImpl.invoke(NativeMethodAccessorImpl.java:64)
at java.base/jdk.internal.reflect.DelegatingMethodAccessorImpl.invoke(DelegatingMethodAccessorImpl.java:43)
at java.base/java.lang.reflect.Method.invoke(Method.java:564)
at org.testng.internal.MethodInvocationHelper.invokeMethod(MethodInvocationHelper.java:124)
at org.testng.internal.Invoker.invokeMethod(Invoker.java:583)
at org.testng.internal.Invoker.invokeTestMethod(Invoker.java:719)
at org.testng.internal.Invoker.invokeTestMethods(Invoker.java:989)
at org.testng.internal.TestMethodWorker.invokeTestMethods(TestMethodWorker.java:125)
at org.testng.internal.TestMethodWorker.run(TestMethodWorker.java:109)
at org.testng.TestRunner.privateRun(TestRunner.java:648)
at org.testng.TestRunner.run(TestRunner.java:505)
at org.testng.SuiteRunner.runTest(SuiteRunner.java:455)
at org.testng.SuiteRunner.runSequentially(SuiteRunner.java:450)
at org.testng.SuiteRunner.privateRun(SuiteRunner.java:415)
at org.testng.SuiteRunner.run(SuiteRunner.java:364)
at org.testng.SuiteRunnerWorker.runSuite(SuiteRunnerWorker.java:52)
at org.testng.SuiteRunnerWorker.run(SuiteRunnerWorker.java:84)
at org.testng.TestNG.runSuitesSequentially(TestNG.java:1208)
at org.testng.TestNG.runSuitesLocally(TestNG.java:1137)
at org.testng.TestNG.runSuites(TestNG.java:1049)
at org.testng.TestNG.run(TestNG.java:1017)
at org.testng.remote.AbstractRemoteTestNG.run(AbstractRemoteTestNG.java:115)
at org.testng.remote.RemoteTestNG.initAndRun(RemoteTestNG.java:251)
at org.testng.remote.RemoteTestNG.main(RemoteTestNG.java:77)
]]>
    </failure>
  </testcase> <!-- validate_response_header -->
  <testcase classname="api.Rest_Assured.Header_Cookies" name="extract_response_cookies" time="2.310"/>
  <testcase classname="api.Rest_Assured.Header_Cookies" name="sending_header_request_object" time="0.622"/>
  <testcase classname="api.Rest_Assured.Header_Cookies" name="extract_response_headers" time="0.630"/>
  <testcase classname="api.Rest_Assured.Header_Cookies" name="sending_cookies_using_builder" time="0.607"/>
  <testcase classname="api.Rest_Assured.Header_Cookies" name="sending_request_header" time="0.606"/>
  <testcase classname="api.Rest_Assured.Header_Cookies" name="sending_cookie_request" time="0.615"/>
</testsuite> <!-- api.Rest_Assured.Header_Cookies -->
